[INFO ] 2024-05-31 12:13:32.358 [main] TestLogger - Thread 1: Running Before All method
[INFO ] 2024-05-31 12:13:33.326 [main] TestLogger - Thread 1: Starting Appium service.
[INFO ] 2024-05-31 12:13:35.458 [main] TestLogger - Thread 1: Appium service started.
[INFO ] 2024-05-31 12:13:35.636 [main] TestLogger - Thread 1: Launching application
[INFO ] 2024-05-31 12:13:35.644 [main] TestLogger - Thread 1: Creating appium driver
[INFO ] 2024-05-31 12:13:41.161 [main] TestLogger - Thread 1: Running After scenario
[INFO ] 2024-05-31 12:13:41.162 [main] TestLogger - Thread 1: Scenario Failed.. Capturing screenshot.
[INFO ] 2024-05-31 12:13:41.190 [main] TestLogger - Thread 1: Launching application
[INFO ] 2024-05-31 12:13:41.190 [main] TestLogger - Thread 1: Creating appium driver
[INFO ] 2024-05-31 12:13:46.270 [main] TestLogger - Thread 1: Application launched
[INFO ] 2024-05-31 12:13:46.273 [main] TestLogger - Thread 1: Creating appium driver
[INFO ] 2024-05-31 12:13:51.346 [main] TestLogger - Thread 1: Clicking on OPTIONS
[INFO ] 2024-05-31 12:13:52.839 [main] TestLogger - Thread 1: Running After scenario
[INFO ] 2024-05-31 12:13:52.839 [main] TestLogger - Thread 1: Scenario Failed.. Capturing screenshot.
[INFO ] 2024-05-31 12:13:53.251 [main] TestLogger - Thread 1: Execution ends. Stopping appium service.
[INFO ] 2024-05-31 12:13:53.256 [main] TestLogger - Thread 1: Appium service stopped.
[INFO ] 2024-05-31 13:29:39.247 [main] TestLogger - Thread 1: Running Before All method
[INFO ] 2024-05-31 13:29:40.597 [main] TestLogger - Thread 1: Starting Appium service.
[INFO ] 2024-05-31 13:29:44.626 [main] TestLogger - Thread 1: Appium service started.
[INFO ] 2024-05-31 13:29:44.862 [main] TestLogger - Thread 1: Launching application
[INFO ] 2024-05-31 13:29:44.875 [main] TestLogger - Thread 1: Creating appium driver
[INFO ] 2024-05-31 13:29:51.431 [main] TestLogger - Thread 1: Application launched
[INFO ] 2024-05-31 13:29:51.442 [main] TestLogger - Thread 1: Creating appium driver
[INFO ] 2024-05-31 13:29:56.579 [main] TestLogger - Thread 1: Launching application
[INFO ] 2024-05-31 13:29:56.585 [main] TestLogger - Thread 1: Finding Text on home screen
[INFO ] 2024-05-31 13:29:58.120 [main] TestLogger - Thread 1: Running After scenario
[INFO ] 2024-05-31 13:29:58.122 [main] TestLogger - Thread 1: Scenario Failed.. Capturing screenshot.
[INFO ] 2024-05-31 13:29:58.550 [main] TestLogger - Thread 1: Launching application
[INFO ] 2024-05-31 13:29:58.550 [main] TestLogger - Thread 1: Creating appium driver
[INFO ] 2024-05-31 13:30:02.676 [main] TestLogger - Thread 1: Application launched
[INFO ] 2024-05-31 13:30:02.680 [main] TestLogger - Thread 1: Creating appium driver
[INFO ] 2024-05-31 13:30:07.844 [main] TestLogger - Thread 1: Clicking on OPTIONS
[INFO ] 2024-05-31 13:30:09.375 [main] TestLogger - Thread 1: Running After scenario
[INFO ] 2024-05-31 13:30:09.375 [main] TestLogger - Thread 1: Scenario Failed.. Capturing screenshot.
[INFO ] 2024-05-31 13:30:09.762 [main] TestLogger - Thread 1: Execution ends. Stopping appium service.
[INFO ] 2024-05-31 13:30:09.766 [main] TestLogger - Thread 1: Appium service stopped.
[INFO ] 2024-05-31 13:31:43.881 [main] TestLogger - Thread 1: Running Before All method
[INFO ] 2024-05-31 13:31:44.827 [main] TestLogger - Thread 1: Starting Appium service.
[INFO ] 2024-05-31 13:31:46.953 [main] TestLogger - Thread 1: Appium service started.
[INFO ] 2024-05-31 13:31:47.141 [main] TestLogger - Thread 1: Launching application
[INFO ] 2024-05-31 13:31:47.144 [main] TestLogger - Thread 1: Creating appium driver
[INFO ] 2024-05-31 13:31:52.685 [main] TestLogger - Thread 1: Application launched
[INFO ] 2024-05-31 13:31:52.690 [main] TestLogger - Thread 1: Creating appium driver
[INFO ] 2024-05-31 13:31:57.706 [main] TestLogger - Thread 1: Launching application
[INFO ] 2024-05-31 13:32:02.717 [main] TestLogger - Thread 1: Finding Text on home screen
[INFO ] 2024-05-31 13:32:04.528 [main] TestLogger - Thread 1: Running After scenario
[INFO ] 2024-05-31 13:32:04.683 [main] TestLogger - Thread 1: Launching application
[INFO ] 2024-05-31 13:32:04.684 [main] TestLogger - Thread 1: Creating appium driver
[INFO ] 2024-05-31 13:32:08.524 [main] TestLogger - Thread 1: Application launched
[INFO ] 2024-05-31 13:32:08.525 [main] TestLogger - Thread 1: Creating appium driver
[INFO ] 2024-05-31 13:32:13.569 [main] TestLogger - Thread 1: Clicking on OPTIONS
[INFO ] 2024-05-31 13:32:15.092 [main] TestLogger - Thread 1: Running After scenario
[INFO ] 2024-05-31 13:32:15.092 [main] TestLogger - Thread 1: Scenario Failed.. Capturing screenshot.
[INFO ] 2024-05-31 13:32:15.466 [main] TestLogger - Thread 1: Execution ends. Stopping appium service.
[INFO ] 2024-05-31 13:32:15.473 [main] TestLogger - Thread 1: Appium service stopped.
[INFO ] 2024-05-31 15:02:10.692 [main] TestLogger - Thread 1: Running Before All method
[INFO ] 2024-05-31 15:02:11.938 [main] TestLogger - Thread 1: Starting Appium service.
[INFO ] 2024-05-31 15:02:15.081 [main] TestLogger - Thread 1: Appium service started.
[INFO ] 2024-05-31 15:02:15.289 [main] TestLogger - Thread 1: Launching application
[INFO ] 2024-05-31 15:02:15.293 [main] TestLogger - Thread 1: Creating appium driver
[INFO ] 2024-05-31 15:02:21.210 [main] TestLogger - Thread 1: Application launched
[INFO ] 2024-05-31 15:02:21.222 [main] TestLogger - Thread 1: Creating appium driver
[INFO ] 2024-05-31 15:02:26.367 [main] TestLogger - Thread 1: Launching application
[INFO ] 2024-05-31 15:02:31.380 [main] TestLogger - Thread 1: Finding Text on home screen
[INFO ] 2024-05-31 15:02:33.143 [main] TestLogger - Thread 1: Running After scenario
[INFO ] 2024-05-31 15:02:33.297 [main] TestLogger - Thread 1: Launching application
[INFO ] 2024-05-31 15:02:33.298 [main] TestLogger - Thread 1: Creating appium driver
[INFO ] 2024-05-31 15:02:37.256 [main] TestLogger - Thread 1: Application launched
[INFO ] 2024-05-31 15:02:37.259 [main] TestLogger - Thread 1: Creating appium driver
[INFO ] 2024-05-31 15:02:47.380 [main] TestLogger - Thread 1: Clicking on OPTIONS
[INFO ] 2024-05-31 15:02:50.196 [main] TestLogger - Thread 1: Running After scenario
[INFO ] 2024-05-31 15:02:50.196 [main] TestLogger - Thread 1: Scenario Failed.. Capturing screenshot.
[INFO ] 2024-05-31 15:02:50.634 [main] TestLogger - Thread 1: Execution ends. Stopping appium service.
[INFO ] 2024-05-31 15:02:50.647 [main] TestLogger - Thread 1: Appium service stopped.
[INFO ] 2024-05-31 15:04:17.880 [main] TestLogger - Thread 1: Running Before All method
[INFO ] 2024-05-31 15:04:18.942 [main] TestLogger - Thread 1: Starting Appium service.
[INFO ] 2024-05-31 15:04:21.372 [main] TestLogger - Thread 1: Appium service started.
[INFO ] 2024-05-31 15:04:21.537 [main] TestLogger - Thread 1: Launching application
[INFO ] 2024-05-31 15:04:21.539 [main] TestLogger - Thread 1: Creating appium driver
[INFO ] 2024-05-31 15:04:27.086 [main] TestLogger - Thread 1: Application launched
[INFO ] 2024-05-31 15:04:27.097 [main] TestLogger - Thread 1: Creating appium driver
[INFO ] 2024-05-31 15:04:37.024 [main] TestLogger - Thread 1: Clicking on OPTIONS
[INFO ] 2024-05-31 15:04:39.728 [main] TestLogger - Thread 1: Running After scenario
[INFO ] 2024-05-31 15:04:39.731 [main] TestLogger - Thread 1: Scenario Failed.. Capturing screenshot.
[INFO ] 2024-05-31 15:04:40.165 [main] TestLogger - Thread 1: Execution ends. Stopping appium service.
[INFO ] 2024-05-31 15:04:40.170 [main] TestLogger - Thread 1: Appium service stopped.
[INFO ] 2024-05-31 15:04:57.470 [main] TestLogger - Thread 1: Running Before All method
[INFO ] 2024-05-31 15:05:00.045 [main] TestLogger - Thread 1: Starting Appium service.
[INFO ] 2024-05-31 15:05:02.163 [main] TestLogger - Thread 1: Appium service started.
[INFO ] 2024-05-31 15:05:02.396 [main] TestLogger - Thread 1: Launching application
[INFO ] 2024-05-31 15:05:04.048 [main] TestLogger - Thread 1: Creating appium driver
[INFO ] 2024-05-31 15:05:08.592 [main] TestLogger - Thread 1: Application launched
[INFO ] 2024-05-31 15:05:11.975 [main] TestLogger - Thread 1: Creating appium driver
[INFO ] 2024-05-31 15:05:21.884 [main] TestLogger - Thread 1: Clicking on OPTIONS
[INFO ] 2024-05-31 15:06:36.880 [main] TestLogger - Thread 1: Running Before All method
[INFO ] 2024-05-31 15:06:40.978 [main] TestLogger - Thread 1: Starting Appium service.
[INFO ] 2024-05-31 15:06:43.085 [main] TestLogger - Thread 1: Appium service started.
[INFO ] 2024-05-31 15:06:43.276 [main] TestLogger - Thread 1: Launching application
[INFO ] 2024-05-31 15:06:47.639 [main] TestLogger - Thread 1: Creating appium driver
[INFO ] 2024-05-31 15:06:54.424 [main] TestLogger - Thread 1: Application launched
[INFO ] 2024-05-31 15:07:16.845 [main] TestLogger - Thread 1: Creating appium driver
[INFO ] 2024-05-31 15:07:26.885 [main] TestLogger - Thread 1: Clicking on OPTIONS
[INFO ] 2024-05-31 15:08:51.747 [main] TestLogger - Thread 1: Running Before All method
[INFO ] 2024-05-31 15:08:52.666 [main] TestLogger - Thread 1: Starting Appium service.
[INFO ] 2024-05-31 15:08:54.810 [main] TestLogger - Thread 1: Appium service started.
[INFO ] 2024-05-31 15:08:54.994 [main] TestLogger - Thread 1: Launching application
[INFO ] 2024-05-31 15:08:54.995 [main] TestLogger - Thread 1: Creating appium driver
[INFO ] 2024-05-31 15:09:01.745 [main] TestLogger - Thread 1: Application launched
[INFO ] 2024-05-31 15:09:01.758 [main] TestLogger - Thread 1: Creating appium driver
[INFO ] 2024-05-31 15:09:06.733 [main] TestLogger - Thread 1: Launching application
[INFO ] 2024-05-31 15:09:11.750 [main] TestLogger - Thread 1: Finding Text on home screen
[INFO ] 2024-05-31 15:09:13.481 [main] TestLogger - Thread 1: Running After scenario
[INFO ] 2024-05-31 15:09:13.629 [main] TestLogger - Thread 1: Launching application
[INFO ] 2024-05-31 15:09:13.629 [main] TestLogger - Thread 1: Creating appium driver
[INFO ] 2024-05-31 15:09:17.403 [main] TestLogger - Thread 1: Application launched
[INFO ] 2024-05-31 15:09:17.405 [main] TestLogger - Thread 1: Creating appium driver
[INFO ] 2024-05-31 15:09:27.395 [main] TestLogger - Thread 1: Clicking on OPTIONS
[INFO ] 2024-05-31 15:09:30.223 [main] TestLogger - Thread 1: Running After scenario
[INFO ] 2024-05-31 15:09:30.390 [main] TestLogger - Thread 1: Execution ends. Stopping appium service.
[INFO ] 2024-05-31 15:09:30.399 [main] TestLogger - Thread 1: Appium service stopped.
[INFO ] 2024-05-31 15:30:08.119 [main] TestLogger - Thread 1: Running Before All method
[INFO ] 2024-05-31 15:30:09.100 [main] TestLogger - Thread 1: Starting Appium service.
[INFO ] 2024-05-31 15:30:11.536 [main] TestLogger - Thread 1: Appium service started.
[INFO ] 2024-05-31 15:30:11.746 [main] TestLogger - Thread 1: Launching application
[INFO ] 2024-05-31 15:30:11.762 [main] TestLogger - Thread 1: Creating appium driver
[INFO ] 2024-05-31 15:30:18.375 [main] TestLogger - Thread 1: Application launched
[INFO ] 2024-05-31 15:30:18.388 [main] TestLogger - Thread 1: Creating appium driver
[INFO ] 2024-05-31 15:30:23.444 [main] TestLogger - Thread 1: Launching application
[INFO ] 2024-05-31 15:30:28.455 [main] TestLogger - Thread 1: Finding Text on home screen
[INFO ] 2024-05-31 15:30:30.179 [main] TestLogger - Thread 1: Running After scenario
[INFO ] 2024-05-31 15:30:30.322 [main] TestLogger - Thread 1: Launching application
[INFO ] 2024-05-31 15:30:30.323 [main] TestLogger - Thread 1: Creating appium driver
[INFO ] 2024-05-31 15:30:34.215 [main] TestLogger - Thread 1: Application launched
[INFO ] 2024-05-31 15:30:34.217 [main] TestLogger - Thread 1: Creating appium driver
[INFO ] 2024-05-31 15:30:44.283 [main] TestLogger - Thread 1: Clicking on OPTIONS
[INFO ] 2024-05-31 15:30:47.036 [main] TestLogger - Thread 1: Running After scenario
[INFO ] 2024-05-31 15:30:47.226 [main] TestLogger - Thread 1: Execution ends. Stopping appium service.
[INFO ] 2024-05-31 15:30:47.241 [main] TestLogger - Thread 1: Appium service stopped.
[INFO ] 2024-05-31 17:02:47.972 [main] TestLogger - Thread 1: Running Before All method
[INFO ] 2024-05-31 17:02:49.007 [main] TestLogger - Thread 1: Starting Appium service.
[INFO ] 2024-05-31 17:02:52.106 [main] TestLogger - Thread 1: Appium service started.
[INFO ] 2024-05-31 17:02:52.310 [main] TestLogger - Thread 1: Launching application
[INFO ] 2024-05-31 17:02:52.318 [main] TestLogger - Thread 1: Creating appium driver
[INFO ] 2024-05-31 17:03:02.163 [main] TestLogger - Thread 1: Application launched
[INFO ] 2024-05-31 17:03:02.173 [main] TestLogger - Thread 1: Creating appium driver
[INFO ] 2024-05-31 17:03:10.941 [main] TestLogger - Thread 1: Launching application
[INFO ] 2024-05-31 17:03:15.959 [main] TestLogger - Thread 1: Finding Text on home screen
[INFO ] 2024-05-31 17:03:17.933 [main] TestLogger - Thread 1: Running After scenario
[INFO ] 2024-05-31 17:03:18.154 [main] TestLogger - Thread 1: Launching application
[INFO ] 2024-05-31 17:03:18.154 [main] TestLogger - Thread 1: Creating appium driver
[INFO ] 2024-05-31 17:03:24.629 [main] TestLogger - Thread 1: Application launched
[INFO ] 2024-05-31 17:03:24.632 [main] TestLogger - Thread 1: Creating appium driver
[INFO ] 2024-05-31 17:03:38.442 [main] TestLogger - Thread 1: Clicking on OPTIONS
[INFO ] 2024-05-31 17:03:44.088 [main] TestLogger - Thread 1: Running After scenario
[INFO ] 2024-05-31 17:03:44.089 [main] TestLogger - Thread 1: Scenario Failed.. Capturing screenshot.
[INFO ] 2024-05-31 17:03:44.568 [main] TestLogger - Thread 1: Execution ends. Stopping appium service.
[INFO ] 2024-05-31 17:03:44.575 [main] TestLogger - Thread 1: Appium service stopped.
[INFO ] 2024-05-31 17:10:08.496 [main] TestLogger - Thread 1: Running Before All method
[INFO ] 2024-05-31 17:10:09.465 [main] TestLogger - Thread 1: Starting Appium service.
[INFO ] 2024-05-31 17:10:11.568 [main] TestLogger - Thread 1: Appium service started.
[INFO ] 2024-05-31 17:10:11.734 [main] TestLogger - Thread 1: Launching application
[INFO ] 2024-05-31 17:10:11.736 [main] TestLogger - Thread 1: Creating appium driver
[INFO ] 2024-05-31 17:10:17.534 [main] TestLogger - Thread 1: Application launched
[INFO ] 2024-05-31 17:10:17.557 [main] TestLogger - Thread 1: Creating appium driver
[INFO ] 2024-05-31 17:10:23.000 [main] TestLogger - Thread 1: Launching application
[INFO ] 2024-05-31 17:10:28.027 [main] TestLogger - Thread 1: Finding Text on home screen
[INFO ] 2024-05-31 17:10:29.761 [main] TestLogger - Thread 1: Running After scenario
[INFO ] 2024-05-31 17:10:29.945 [main] TestLogger - Thread 1: Launching application
[INFO ] 2024-05-31 17:10:29.945 [main] TestLogger - Thread 1: Creating appium driver
[INFO ] 2024-05-31 17:10:34.322 [main] TestLogger - Thread 1: Application launched
[INFO ] 2024-05-31 17:10:34.327 [main] TestLogger - Thread 1: Creating appium driver
[INFO ] 2024-05-31 17:10:44.765 [main] TestLogger - Thread 1: Clicking on OPTIONS
[INFO ] 2024-05-31 17:10:47.572 [main] TestLogger - Thread 1: Running After scenario
[INFO ] 2024-05-31 17:10:47.743 [main] TestLogger - Thread 1: Execution ends. Stopping appium service.
[INFO ] 2024-05-31 17:10:47.751 [main] TestLogger - Thread 1: Appium service stopped.
[INFO ] 2024-05-31 18:19:00.449 [main] TestLogger - Thread 1: Running Before All method
[INFO ] 2024-05-31 18:19:01.457 [main] TestLogger - Thread 1: Starting Appium service.
[INFO ] 2024-05-31 18:19:03.881 [main] TestLogger - Thread 1: Appium service started.
[INFO ] 2024-05-31 18:19:04.081 [main] TestLogger - Thread 1: Launching application
[INFO ] 2024-05-31 18:19:04.090 [main] TestLogger - Thread 1: Creating appium driver
[INFO ] 2024-05-31 18:19:10.716 [main] TestLogger - Thread 1: Application launched
[INFO ] 2024-05-31 18:19:10.727 [main] TestLogger - Thread 1: Creating appium driver
[INFO ] 2024-05-31 18:19:15.837 [main] TestLogger - Thread 1: Launching application
[INFO ] 2024-05-31 18:19:15.844 [main] TestLogger - Thread 1: Finding Text on home screen
[INFO ] 2024-05-31 18:19:22.379 [main] TestLogger - Thread 1: Running After scenario
[INFO ] 2024-05-31 18:19:22.537 [main] TestLogger - Thread 1: Launching application
[INFO ] 2024-05-31 18:19:22.537 [main] TestLogger - Thread 1: Creating appium driver
[INFO ] 2024-05-31 18:19:26.592 [main] TestLogger - Thread 1: Application launched
[INFO ] 2024-05-31 18:19:26.595 [main] TestLogger - Thread 1: Creating appium driver
[INFO ] 2024-05-31 18:19:37.102 [main] TestLogger - Thread 1: Clicking on OPTIONS
[INFO ] 2024-05-31 18:19:40.401 [main] TestLogger - Thread 1: Running After scenario
[INFO ] 2024-05-31 18:19:40.624 [main] TestLogger - Thread 1: Execution ends. Stopping appium service.
[INFO ] 2024-05-31 18:19:40.636 [main] TestLogger - Thread 1: Appium service stopped.
[INFO ] 2024-05-31 18:21:18.006 [main] TestLogger - Thread 1: Running Before All method
[INFO ] 2024-05-31 18:21:19.533 [main] TestLogger - Thread 1: Starting Appium service.
[INFO ] 2024-05-31 18:21:22.643 [main] TestLogger - Thread 1: Appium service started.
[INFO ] 2024-05-31 18:21:22.918 [main] TestLogger - Thread 1: Launching application
[INFO ] 2024-05-31 18:21:22.922 [main] TestLogger - Thread 1: Creating appium driver
[INFO ] 2024-05-31 18:21:27.882 [main] TestLogger - Thread 1: Application launched
[INFO ] 2024-05-31 18:21:27.904 [main] TestLogger - Thread 1: Creating appium driver
[INFO ] 2024-05-31 18:21:33.263 [main] TestLogger - Thread 1: Launching application
[INFO ] 2024-05-31 18:21:33.274 [main] TestLogger - Thread 1: Finding Text on home screen
[INFO ] 2024-05-31 18:21:39.780 [main] TestLogger - Thread 1: Running After scenario
[INFO ] 2024-05-31 18:21:39.960 [main] TestLogger - Thread 1: Launching application
[INFO ] 2024-05-31 18:21:39.961 [main] TestLogger - Thread 1: Creating appium driver
[INFO ] 2024-05-31 18:21:44.295 [main] TestLogger - Thread 1: Application launched
[INFO ] 2024-05-31 18:21:44.297 [main] TestLogger - Thread 1: Creating appium driver
[INFO ] 2024-05-31 18:21:49.846 [main] TestLogger - Thread 1: Clicking on OPTIONS
[INFO ] 2024-05-31 18:21:57.450 [main] TestLogger - Thread 1: Running After scenario
[INFO ] 2024-05-31 18:21:57.670 [main] TestLogger - Thread 1: Execution ends. Stopping appium service.
[INFO ] 2024-05-31 18:21:57.682 [main] TestLogger - Thread 1: Appium service stopped.
[INFO ] 2024-05-31 22:39:00.183 [main] TestLogger - Thread 1: Running Before All method
[INFO ] 2024-05-31 22:39:01.574 [main] TestLogger - Thread 1: Starting Appium service.
[INFO ] 2024-05-31 22:39:01.639 [main] TestLogger - Thread 1: Execution ends. Stopping appium service.
[INFO ] 2024-05-31 22:39:01.639 [main] TestLogger - Thread 1: Appium service stopped.
[INFO ] 2024-05-31 22:39:23.037 [main] TestLogger - Thread 1: Running Before All method
[INFO ] 2024-05-31 22:39:24.013 [main] TestLogger - Thread 1: Starting Appium service.
[INFO ] 2024-05-31 22:39:27.820 [main] TestLogger - Thread 1: Appium service started.
[INFO ] 2024-05-31 22:39:27.968 [main] TestLogger - Thread 1: Launching application
[INFO ] 2024-05-31 22:39:27.970 [main] TestLogger - Thread 1: Creating appium driver
[INFO ] 2024-05-31 22:39:37.776 [main] TestLogger - Thread 1: Application launched
[INFO ] 2024-05-31 22:39:37.783 [main] TestLogger - Thread 1: Running After scenario
[INFO ] 2024-05-31 22:39:37.962 [main] TestLogger - Thread 1: Execution ends. Stopping appium service.
[INFO ] 2024-05-31 22:39:37.967 [main] TestLogger - Thread 1: Appium service stopped.
[INFO ] 2024-05-31 22:47:42.579 [main] TestLogger - Thread 1: Running Before All method
[INFO ] 2024-05-31 22:47:43.828 [main] TestLogger - Thread 1: Starting Appium service.
[INFO ] 2024-05-31 22:47:46.618 [main] TestLogger - Thread 1: Appium service started.
[INFO ] 2024-05-31 22:47:46.858 [main] TestLogger - Thread 1: Launching application
[INFO ] 2024-05-31 22:47:56.993 [main] TestLogger - Thread 1: Creating appium driver
[INFO ] 2024-05-31 22:48:03.536 [main] TestLogger - Thread 1: Application launched
[INFO ] 2024-05-31 22:48:11.696 [main] TestLogger - Thread 1: Creating appium driver
[INFO ] 2024-05-31 22:55:29.624 [main] TestLogger - Thread 1: Running Before All method
[INFO ] 2024-05-31 22:55:30.659 [main] TestLogger - Thread 1: Starting Appium service.
[INFO ] 2024-05-31 22:55:46.772 [main] TestLogger - Thread 1: Running Before All method
[INFO ] 2024-05-31 22:55:47.926 [main] TestLogger - Thread 1: Starting Appium service.
[INFO ] 2024-05-31 22:56:29.658 [main] TestLogger - Thread 1: Running Before All method
[INFO ] 2024-05-31 22:56:30.614 [main] TestLogger - Thread 1: Starting Appium service.
[INFO ] 2024-05-31 22:56:33.093 [main] TestLogger - Thread 1: Appium service started.
[INFO ] 2024-05-31 22:56:33.323 [main] TestLogger - Thread 1: Launching application
[INFO ] 2024-05-31 22:56:33.328 [main] TestLogger - Thread 1: Creating appium driver
[INFO ] 2024-05-31 22:56:42.351 [main] TestLogger - Thread 1: Application launched
[INFO ] 2024-05-31 22:56:42.365 [main] TestLogger - Thread 1: Creating appium driver
[INFO ] 2024-05-31 22:56:56.607 [main] TestLogger - Thread 1: Running After scenario
[INFO ] 2024-05-31 22:56:56.750 [main] TestLogger - Thread 1: Execution ends. Stopping appium service.
[INFO ] 2024-05-31 22:56:56.757 [main] TestLogger - Thread 1: Appium service stopped.
[INFO ] 2024-05-31 23:03:35.011 [main] TestLogger - Thread 1: Running Before All method
[INFO ] 2024-05-31 23:03:36.080 [main] TestLogger - Thread 1: Starting Appium service.
[INFO ] 2024-05-31 23:03:49.172 [main] TestLogger - Thread 1: Running Before All method
[INFO ] 2024-05-31 23:03:50.203 [main] TestLogger - Thread 1: Starting Appium service.
[INFO ] 2024-05-31 23:03:53.248 [main] TestLogger - Thread 1: Appium service started.
[INFO ] 2024-05-31 23:03:53.474 [main] TestLogger - Thread 1: Launching application
[INFO ] 2024-05-31 23:03:53.484 [main] TestLogger - Thread 1: Creating appium driver
[INFO ] 2024-05-31 23:04:02.694 [main] TestLogger - Thread 1: Application launched
[INFO ] 2024-05-31 23:04:02.711 [main] TestLogger - Thread 1: Creating appium driver
[INFO ] 2024-05-31 23:04:17.091 [main] TestLogger - Thread 1: Running After scenario
[INFO ] 2024-05-31 23:04:17.262 [main] TestLogger - Thread 1: Execution ends. Stopping appium service.
[INFO ] 2024-05-31 23:04:17.272 [main] TestLogger - Thread 1: Appium service stopped.
[INFO ] 2024-05-31 23:04:32.770 [main] TestLogger - Thread 1: Running Before All method
[INFO ] 2024-05-31 23:04:33.872 [main] TestLogger - Thread 1: Starting Appium service.
[INFO ] 2024-05-31 23:04:36.321 [main] TestLogger - Thread 1: Appium service started.
[INFO ] 2024-05-31 23:04:36.528 [main] TestLogger - Thread 1: Launching application
[INFO ] 2024-05-31 23:04:36.530 [main] TestLogger - Thread 1: Creating appium driver
[INFO ] 2024-05-31 23:05:00.923 [main] TestLogger - Thread 1: Running After scenario
[INFO ] 2024-05-31 23:05:00.925 [main] TestLogger - Thread 1: Scenario Failed.. Capturing screenshot.
[INFO ] 2024-05-31 23:05:33.578 [main] TestLogger - Thread 1: Execution ends. Stopping appium service.
[INFO ] 2024-05-31 23:05:33.582 [main] TestLogger - Thread 1: Appium service stopped.
[INFO ] 2024-05-31 23:06:05.415 [main] TestLogger - Thread 1: Running Before All method
[INFO ] 2024-05-31 23:06:06.373 [main] TestLogger - Thread 1: Starting Appium service.
[INFO ] 2024-05-31 23:06:08.803 [main] TestLogger - Thread 1: Appium service started.
[INFO ] 2024-05-31 23:06:09.006 [main] TestLogger - Thread 1: Launching application
[INFO ] 2024-05-31 23:06:09.008 [main] TestLogger - Thread 1: Creating appium driver
[INFO ] 2024-05-31 23:06:14.933 [main] TestLogger - Thread 1: Application launched
[INFO ] 2024-05-31 23:06:14.953 [main] TestLogger - Thread 1: Creating appium driver
[INFO ] 2024-05-31 23:06:34.642 [main] TestLogger - Thread 1: Running After scenario
[INFO ] 2024-05-31 23:06:34.826 [main] TestLogger - Thread 1: Execution ends. Stopping appium service.
[INFO ] 2024-05-31 23:06:34.839 [main] TestLogger - Thread 1: Appium service stopped.
[INFO ] 2024-05-31 23:08:23.187 [main] TestLogger - Thread 1: Running Before All method
[INFO ] 2024-05-31 23:08:24.148 [main] TestLogger - Thread 1: Starting Appium service.
[INFO ] 2024-05-31 23:08:26.251 [main] TestLogger - Thread 1: Appium service started.
[INFO ] 2024-05-31 23:08:26.448 [main] TestLogger - Thread 1: Launching application
[INFO ] 2024-05-31 23:08:26.453 [main] TestLogger - Thread 1: Creating appium driver
[INFO ] 2024-05-31 23:08:32.363 [main] TestLogger - Thread 1: Application launched
[INFO ] 2024-05-31 23:08:32.380 [main] TestLogger - Thread 1: Creating appium driver
[INFO ] 2024-05-31 23:09:00.066 [main] TestLogger - Thread 1: Running After scenario
[INFO ] 2024-05-31 23:09:00.275 [main] TestLogger - Thread 1: Execution ends. Stopping appium service.
[INFO ] 2024-05-31 23:09:00.297 [main] TestLogger - Thread 1: Appium service stopped.
[INFO ] 2024-05-31 23:09:14.420 [main] TestLogger - Thread 1: Running Before All method
[INFO ] 2024-05-31 23:09:15.377 [main] TestLogger - Thread 1: Starting Appium service.
[INFO ] 2024-05-31 23:09:17.472 [main] TestLogger - Thread 1: Appium service started.
[INFO ] 2024-05-31 23:09:17.658 [main] TestLogger - Thread 1: Launching application
[INFO ] 2024-05-31 23:09:17.659 [main] TestLogger - Thread 1: Creating appium driver
[INFO ] 2024-05-31 23:09:22.518 [main] TestLogger - Thread 1: Application launched
[INFO ] 2024-05-31 23:09:22.549 [main] TestLogger - Thread 1: Creating appium driver
[INFO ] 2024-05-31 23:09:37.453 [main] TestLogger - Thread 1: Running After scenario
[INFO ] 2024-05-31 23:09:37.456 [main] TestLogger - Thread 1: Scenario Failed.. Capturing screenshot.
[INFO ] 2024-05-31 23:09:38.091 [main] TestLogger - Thread 1: Execution ends. Stopping appium service.
[INFO ] 2024-05-31 23:09:38.100 [main] TestLogger - Thread 1: Appium service stopped.
[INFO ] 2024-05-31 23:11:00.266 [main] TestLogger - Thread 1: Running Before All method
[INFO ] 2024-05-31 23:11:01.521 [main] TestLogger - Thread 1: Starting Appium service.
[INFO ] 2024-05-31 23:11:04.582 [main] TestLogger - Thread 1: Appium service started.
[INFO ] 2024-05-31 23:11:04.799 [main] TestLogger - Thread 1: Launching application
[INFO ] 2024-05-31 23:11:04.801 [main] TestLogger - Thread 1: Creating appium driver
[INFO ] 2024-05-31 23:11:10.917 [main] TestLogger - Thread 1: Application launched
[INFO ] 2024-05-31 23:11:10.943 [main] TestLogger - Thread 1: Creating appium driver
[INFO ] 2024-05-31 23:11:32.508 [main] TestLogger - Thread 1: Running After scenario
[INFO ] 2024-05-31 23:11:32.704 [main] TestLogger - Thread 1: Execution ends. Stopping appium service.
[INFO ] 2024-05-31 23:11:32.714 [main] TestLogger - Thread 1: Appium service stopped.
