[INFO ] 2024-06-01 12:59:14.122 [main] TestLogger - Thread 1: Running Before All method
[INFO ] 2024-06-01 12:59:16.024 [main] TestLogger - Thread 1: Starting Appium service.
[INFO ] 2024-06-01 13:05:02.866 [main] TestLogger - Thread 1: Running Before All method
[INFO ] 2024-06-01 13:05:04.864 [main] TestLogger - Thread 1: Starting Appium service.
[INFO ] 2024-06-01 13:06:05.503 [main] TestLogger - Thread 1: Running Before All method
[INFO ] 2024-06-01 13:06:07.741 [main] TestLogger - Thread 1: Starting Appium service.
[INFO ] 2024-06-01 13:06:12.122 [main] TestLogger - Thread 1: Appium service started.
[INFO ] 2024-06-01 13:06:12.339 [main] TestLogger - Thread 1: Launching application
[INFO ] 2024-06-01 13:06:12.345 [main] TestLogger - Thread 1: Creating appium driver
[INFO ] 2024-06-01 13:06:23.309 [main] TestLogger - Thread 1: Application launched
[INFO ] 2024-06-01 13:06:23.313 [main] TestLogger - Thread 1: Creating appium driver
[INFO ] 2024-06-01 13:06:42.536 [main] TestLogger - Thread 1: Running After scenario
[INFO ] 2024-06-01 13:06:42.719 [main] TestLogger - Thread 1: Execution ends. Stopping appium service.
[INFO ] 2024-06-01 13:06:42.727 [main] TestLogger - Thread 1: Appium service stopped.
[INFO ] 2024-06-01 13:10:02.971 [main] TestLogger - Thread 1: Running Before All method
[INFO ] 2024-06-01 13:10:05.014 [main] TestLogger - Thread 1: Starting Appium service.
[INFO ] 2024-06-01 13:10:07.831 [main] TestLogger - Thread 1: Appium service started.
[INFO ] 2024-06-01 13:10:08.076 [main] TestLogger - Thread 1: Launching application
[INFO ] 2024-06-01 13:10:08.090 [main] TestLogger - Thread 1: Creating appium driver
[INFO ] 2024-06-01 13:10:14.418 [main] TestLogger - Thread 1: Application launched
[INFO ] 2024-06-01 13:10:14.435 [main] TestLogger - Thread 1: Creating appium driver
[INFO ] 2024-06-01 13:10:28.820 [main] TestLogger - Thread 1: Running After scenario
[INFO ] 2024-06-01 13:10:28.822 [main] TestLogger - Thread 1: Scenario Failed.. Capturing screenshot.
[INFO ] 2024-06-01 13:10:29.373 [main] TestLogger - Thread 1: Execution ends. Stopping appium service.
[INFO ] 2024-06-01 13:10:29.386 [main] TestLogger - Thread 1: Appium service stopped.
[INFO ] 2024-06-01 13:11:12.072 [main] TestLogger - Thread 1: Running Before All method
[INFO ] 2024-06-01 13:11:14.092 [main] TestLogger - Thread 1: Starting Appium service.
[INFO ] 2024-06-01 13:11:16.941 [main] TestLogger - Thread 1: Appium service started.
[INFO ] 2024-06-01 13:11:17.126 [main] TestLogger - Thread 1: Launching application
[INFO ] 2024-06-01 13:11:17.128 [main] TestLogger - Thread 1: Creating appium driver
[INFO ] 2024-06-01 13:11:21.819 [main] TestLogger - Thread 1: Application launched
[INFO ] 2024-06-01 13:11:21.824 [main] TestLogger - Thread 1: Creating appium driver
[INFO ] 2024-06-01 13:11:46.390 [main] TestLogger - Thread 1: Running After scenario
[INFO ] 2024-06-01 13:11:46.571 [main] TestLogger - Thread 1: Execution ends. Stopping appium service.
[INFO ] 2024-06-01 13:11:46.578 [main] TestLogger - Thread 1: Appium service stopped.
[INFO ] 2024-06-01 13:12:33.790 [main] TestLogger - Thread 1: Running Before All method
[INFO ] 2024-06-01 13:12:35.654 [main] TestLogger - Thread 1: Starting Appium service.
[INFO ] 2024-06-01 13:12:38.447 [main] TestLogger - Thread 1: Appium service started.
[INFO ] 2024-06-01 13:12:38.643 [main] TestLogger - Thread 1: Launching application
[INFO ] 2024-06-01 13:12:38.645 [main] TestLogger - Thread 1: Creating appium driver
[INFO ] 2024-06-01 13:12:43.456 [main] TestLogger - Thread 1: Application launched
[INFO ] 2024-06-01 13:12:43.467 [main] TestLogger - Thread 1: Creating appium driver
[INFO ] 2024-06-01 13:13:08.141 [main] TestLogger - Thread 1: Running After scenario
[INFO ] 2024-06-01 13:13:08.330 [main] TestLogger - Thread 1: Execution ends. Stopping appium service.
[INFO ] 2024-06-01 13:13:08.334 [main] TestLogger - Thread 1: Appium service stopped.
[INFO ] 2024-06-01 13:13:24.426 [main] TestLogger - Thread 1: Running Before All method
[INFO ] 2024-06-01 13:13:26.376 [main] TestLogger - Thread 1: Starting Appium service.
[INFO ] 2024-06-01 13:13:29.506 [main] TestLogger - Thread 1: Appium service started.
[INFO ] 2024-06-01 13:13:29.722 [main] TestLogger - Thread 1: Launching application
[INFO ] 2024-06-01 13:13:29.724 [main] TestLogger - Thread 1: Creating appium driver
[INFO ] 2024-06-01 13:13:34.453 [main] TestLogger - Thread 1: Application launched
[INFO ] 2024-06-01 13:13:34.459 [main] TestLogger - Thread 1: Creating appium driver
[INFO ] 2024-06-01 13:13:59.080 [main] TestLogger - Thread 1: Running After scenario
[INFO ] 2024-06-01 13:13:59.244 [main] TestLogger - Thread 1: Execution ends. Stopping appium service.
[INFO ] 2024-06-01 13:13:59.251 [main] TestLogger - Thread 1: Appium service stopped.
[INFO ] 2024-06-01 13:40:56.103 [main] TestLogger - Thread 1: Running Before All method
[INFO ] 2024-06-01 13:40:57.980 [main] TestLogger - Thread 1: Starting Appium service.
[INFO ] 2024-06-01 13:41:19.340 [main] TestLogger - Thread 1: Running Before All method
[INFO ] 2024-06-01 13:41:21.544 [main] TestLogger - Thread 1: Starting Appium service.
[INFO ] 2024-06-01 13:41:24.300 [main] TestLogger - Thread 1: Appium service started.
[INFO ] 2024-06-01 13:41:24.516 [main] TestLogger - Thread 1: Launching application
[INFO ] 2024-06-01 13:41:24.529 [main] TestLogger - Thread 1: Creating appium driver
[INFO ] 2024-06-01 13:41:33.093 [main] TestLogger - Thread 1: Application launched
[INFO ] 2024-06-01 13:41:33.099 [main] TestLogger - Thread 1: Creating appium driver
[INFO ] 2024-06-01 13:42:33.508 [main] TestLogger - Thread 1: Running After scenario
[INFO ] 2024-06-01 13:42:33.509 [main] TestLogger - Thread 1: Scenario Failed.. Capturing screenshot.
[INFO ] 2024-06-01 13:42:36.531 [main] TestLogger - Thread 1: Execution ends. Stopping appium service.
[INFO ] 2024-06-01 13:42:36.538 [main] TestLogger - Thread 1: Appium service stopped.
[INFO ] 2024-06-01 13:58:35.949 [main] TestLogger - Thread 1: Running Before All method
[INFO ] 2024-06-01 13:58:37.814 [main] TestLogger - Thread 1: Starting Appium service.
[INFO ] 2024-06-01 13:58:40.971 [main] TestLogger - Thread 1: Appium service started.
[INFO ] 2024-06-01 13:58:41.160 [main] TestLogger - Thread 1: Launching application
[INFO ] 2024-06-01 13:58:41.161 [main] TestLogger - Thread 1: Creating appium driver
[INFO ] 2024-06-01 13:58:46.712 [main] TestLogger - Thread 1: Application launched
[INFO ] 2024-06-01 13:58:46.729 [main] TestLogger - Thread 1: Creating appium driver
[INFO ] 2024-06-01 13:59:21.495 [main] TestLogger - Thread 1: Running After scenario
[INFO ] 2024-06-01 13:59:21.496 [main] TestLogger - Thread 1: Scenario Failed.. Capturing screenshot.
[INFO ] 2024-06-01 13:59:21.863 [main] TestLogger - Thread 1: Execution ends. Stopping appium service.
[INFO ] 2024-06-01 13:59:21.867 [main] TestLogger - Thread 1: Appium service stopped.
[INFO ] 2024-06-01 14:00:06.377 [main] TestLogger - Thread 1: Running Before All method
[INFO ] 2024-06-01 14:00:08.123 [main] TestLogger - Thread 1: Starting Appium service.
[INFO ] 2024-06-01 14:00:10.917 [main] TestLogger - Thread 1: Appium service started.
[INFO ] 2024-06-01 14:00:11.098 [main] TestLogger - Thread 1: Launching application
[INFO ] 2024-06-01 14:00:11.100 [main] TestLogger - Thread 1: Creating appium driver
[INFO ] 2024-06-01 14:00:16.676 [main] TestLogger - Thread 1: Application launched
[INFO ] 2024-06-01 14:00:16.690 [main] TestLogger - Thread 1: Creating appium driver
[INFO ] 2024-06-01 14:00:51.394 [main] TestLogger - Thread 1: Running After scenario
[INFO ] 2024-06-01 14:00:51.395 [main] TestLogger - Thread 1: Scenario Failed.. Capturing screenshot.
[INFO ] 2024-06-01 14:00:51.845 [main] TestLogger - Thread 1: Execution ends. Stopping appium service.
[INFO ] 2024-06-01 14:00:51.851 [main] TestLogger - Thread 1: Appium service stopped.
[INFO ] 2024-06-01 14:14:59.312 [main] TestLogger - Thread 1: Running Before All method
[INFO ] 2024-06-01 14:15:01.188 [main] TestLogger - Thread 1: Starting Appium service.
[INFO ] 2024-06-01 14:15:03.969 [main] TestLogger - Thread 1: Appium service started.
[INFO ] 2024-06-01 14:15:04.161 [main] TestLogger - Thread 1: Launching application
[INFO ] 2024-06-01 14:15:04.164 [main] TestLogger - Thread 1: Creating appium driver
[INFO ] 2024-06-01 14:15:11.302 [main] TestLogger - Thread 1: Application launched
[INFO ] 2024-06-01 14:15:11.316 [main] TestLogger - Thread 1: Creating appium driver
[INFO ] 2024-06-01 14:23:57.980 [main] TestLogger - Thread 1: Running Before All method
[INFO ] 2024-06-01 14:23:59.893 [main] TestLogger - Thread 1: Starting Appium service.
[INFO ] 2024-06-01 14:24:02.982 [main] TestLogger - Thread 1: Appium service started.
[INFO ] 2024-06-01 14:24:03.179 [main] TestLogger - Thread 1: Launching application
[INFO ] 2024-06-01 14:24:03.181 [main] TestLogger - Thread 1: Creating appium driver
[INFO ] 2024-06-01 14:24:09.889 [main] TestLogger - Thread 1: Application launched
[INFO ] 2024-06-01 14:24:09.896 [main] TestLogger - Thread 1: Creating appium driver
[INFO ] 2024-06-01 14:24:34.539 [main] TestLogger - Thread 1: Running After scenario
[INFO ] 2024-06-01 14:24:34.540 [main] TestLogger - Thread 1: Scenario Failed.. Capturing screenshot.
[INFO ] 2024-06-01 14:24:34.980 [main] TestLogger - Thread 1: Execution ends. Stopping appium service.
[INFO ] 2024-06-01 14:24:34.989 [main] TestLogger - Thread 1: Appium service stopped.
[INFO ] 2024-06-01 14:27:42.699 [main] TestLogger - Thread 1: Running Before All method
[INFO ] 2024-06-01 14:27:44.606 [main] TestLogger - Thread 1: Starting Appium service.
[INFO ] 2024-06-01 14:27:47.693 [main] TestLogger - Thread 1: Appium service started.
[INFO ] 2024-06-01 14:27:47.874 [main] TestLogger - Thread 1: Launching application
[INFO ] 2024-06-01 14:27:47.877 [main] TestLogger - Thread 1: Creating appium driver
[INFO ] 2024-06-01 14:27:53.721 [main] TestLogger - Thread 1: Application launched
[INFO ] 2024-06-01 14:27:53.734 [main] TestLogger - Thread 1: Creating appium driver
[INFO ] 2024-06-01 14:28:28.779 [main] TestLogger - Thread 1: Running After scenario
[INFO ] 2024-06-01 14:28:28.781 [main] TestLogger - Thread 1: Scenario Failed.. Capturing screenshot.
[INFO ] 2024-06-01 14:28:29.196 [main] TestLogger - Thread 1: Execution ends. Stopping appium service.
[INFO ] 2024-06-01 14:28:29.202 [main] TestLogger - Thread 1: Appium service stopped.
[INFO ] 2024-06-01 14:45:50.717 [main] TestLogger - Thread 1: Running Before All method
[INFO ] 2024-06-01 14:45:52.579 [main] TestLogger - Thread 1: Starting Appium service.
[INFO ] 2024-06-01 14:46:20.971 [main] TestLogger - Thread 1: Running Before All method
[INFO ] 2024-06-01 14:46:22.783 [main] TestLogger - Thread 1: Starting Appium service.
[INFO ] 2024-06-01 14:46:25.868 [main] TestLogger - Thread 1: Appium service started.
[INFO ] 2024-06-01 14:46:26.090 [main] TestLogger - Thread 1: Launching application
[INFO ] 2024-06-01 14:46:26.101 [main] TestLogger - Thread 1: Creating appium driver
[INFO ] 2024-06-01 14:46:34.819 [main] TestLogger - Thread 1: Application launched
[INFO ] 2024-06-01 14:46:34.833 [main] TestLogger - Thread 1: Creating appium driver
[INFO ] 2024-06-01 14:46:59.524 [main] TestLogger - Thread 1: Running After scenario
[INFO ] 2024-06-01 14:46:59.525 [main] TestLogger - Thread 1: Scenario Failed.. Capturing screenshot.
[INFO ] 2024-06-01 14:47:00.127 [main] TestLogger - Thread 1: Execution ends. Stopping appium service.
[INFO ] 2024-06-01 14:47:00.136 [main] TestLogger - Thread 1: Appium service stopped.
[INFO ] 2024-06-01 14:48:11.309 [main] TestLogger - Thread 1: Running Before All method
[INFO ] 2024-06-01 14:48:13.258 [main] TestLogger - Thread 1: Starting Appium service.
[INFO ] 2024-06-01 14:48:16.312 [main] TestLogger - Thread 1: Appium service started.
[INFO ] 2024-06-01 14:48:16.544 [main] TestLogger - Thread 1: Launching application
[INFO ] 2024-06-01 14:48:16.547 [main] TestLogger - Thread 1: Creating appium driver
[INFO ] 2024-06-01 14:48:22.207 [main] TestLogger - Thread 1: Application launched
[INFO ] 2024-06-01 14:48:22.221 [main] TestLogger - Thread 1: Creating appium driver
[INFO ] 2024-06-01 14:48:56.911 [main] TestLogger - Thread 1: Running After scenario
[INFO ] 2024-06-01 14:48:56.913 [main] TestLogger - Thread 1: Scenario Failed.. Capturing screenshot.
[INFO ] 2024-06-01 14:48:57.315 [main] TestLogger - Thread 1: Execution ends. Stopping appium service.
[INFO ] 2024-06-01 14:48:57.321 [main] TestLogger - Thread 1: Appium service stopped.
[INFO ] 2024-06-01 14:53:24.756 [main] TestLogger - Thread 1: Running Before All method
[INFO ] 2024-06-01 14:53:27.166 [main] TestLogger - Thread 1: Starting Appium service.
[INFO ] 2024-06-01 14:53:30.946 [main] TestLogger - Thread 1: Appium service started.
[INFO ] 2024-06-01 14:53:31.213 [main] TestLogger - Thread 1: Launching application
[INFO ] 2024-06-01 14:53:31.216 [main] TestLogger - Thread 1: Creating appium driver
[INFO ] 2024-06-01 14:53:37.556 [main] TestLogger - Thread 1: Application launched
[INFO ] 2024-06-01 14:53:37.574 [main] TestLogger - Thread 1: Running After scenario
[INFO ] 2024-06-01 14:53:37.802 [main] TestLogger - Thread 1: Execution ends. Stopping appium service.
[INFO ] 2024-06-01 14:53:37.806 [main] TestLogger - Thread 1: Appium service stopped.
[INFO ] 2024-06-01 14:57:26.220 [main] TestLogger - Thread 1: Running Before All method
[INFO ] 2024-06-01 14:57:28.200 [main] TestLogger - Thread 1: Starting Appium service.
[INFO ] 2024-06-01 14:57:31.318 [main] TestLogger - Thread 1: Appium service started.
[INFO ] 2024-06-01 14:57:31.587 [main] TestLogger - Thread 1: Launching application
[INFO ] 2024-06-01 14:57:31.590 [main] TestLogger - Thread 1: Creating appium driver
[INFO ] 2024-06-01 14:57:37.463 [main] TestLogger - Thread 1: Application launched
[INFO ] 2024-06-01 14:57:37.469 [main] TestLogger - Thread 1: Creating appium driver
[INFO ] 2024-06-01 14:57:55.208 [main] TestLogger - Thread 1: Running After scenario
[INFO ] 2024-06-01 14:57:55.211 [main] TestLogger - Thread 1: Scenario Failed.. Capturing screenshot.
[INFO ] 2024-06-01 14:57:55.717 [main] TestLogger - Thread 1: Execution ends. Stopping appium service.
[INFO ] 2024-06-01 14:57:55.730 [main] TestLogger - Thread 1: Appium service stopped.
[INFO ] 2024-06-01 15:01:36.103 [main] TestLogger - Thread 1: Running Before All method
[INFO ] 2024-06-01 15:01:38.057 [main] TestLogger - Thread 1: Starting Appium service.
[INFO ] 2024-06-01 15:01:41.483 [main] TestLogger - Thread 1: Appium service started.
[INFO ] 2024-06-01 15:01:41.714 [main] TestLogger - Thread 1: Launching application
[INFO ] 2024-06-01 15:01:41.717 [main] TestLogger - Thread 1: Creating appium driver
[INFO ] 2024-06-01 15:01:47.842 [main] TestLogger - Thread 1: Application launched
[INFO ] 2024-06-01 15:01:47.868 [main] TestLogger - Thread 1: Creating appium driver
[INFO ] 2024-06-01 15:01:53.319 [main] TestLogger - Thread 1: Running After scenario
[INFO ] 2024-06-01 15:01:53.321 [main] TestLogger - Thread 1: Scenario Failed.. Capturing screenshot.
[INFO ] 2024-06-01 15:01:54.149 [main] TestLogger - Thread 1: Execution ends. Stopping appium service.
[INFO ] 2024-06-01 15:01:54.155 [main] TestLogger - Thread 1: Appium service stopped.
[INFO ] 2024-06-01 15:05:30.824 [main] TestLogger - Thread 1: Running Before All method
[INFO ] 2024-06-01 15:05:32.776 [main] TestLogger - Thread 1: Starting Appium service.
[INFO ] 2024-06-01 15:05:35.874 [main] TestLogger - Thread 1: Appium service started.
[INFO ] 2024-06-01 15:05:36.074 [main] TestLogger - Thread 1: Launching application
[INFO ] 2024-06-01 15:05:36.078 [main] TestLogger - Thread 1: Creating appium driver
[INFO ] 2024-06-01 15:05:41.938 [main] TestLogger - Thread 1: Application launched
[INFO ] 2024-06-01 15:05:41.944 [main] TestLogger - Thread 1: Creating appium driver
[INFO ] 2024-06-01 15:05:58.687 [main] TestLogger - Thread 1: Running After scenario
[INFO ] 2024-06-01 15:05:58.690 [main] TestLogger - Thread 1: Scenario Failed.. Capturing screenshot.
[INFO ] 2024-06-01 15:05:59.247 [main] TestLogger - Thread 1: Execution ends. Stopping appium service.
[INFO ] 2024-06-01 15:05:59.253 [main] TestLogger - Thread 1: Appium service stopped.
[INFO ] 2024-06-01 15:07:13.267 [main] TestLogger - Thread 1: Running Before All method
[INFO ] 2024-06-01 15:07:15.316 [main] TestLogger - Thread 1: Starting Appium service.
[INFO ] 2024-06-01 15:07:18.404 [main] TestLogger - Thread 1: Appium service started.
[INFO ] 2024-06-01 15:07:18.634 [main] TestLogger - Thread 1: Launching application
[INFO ] 2024-06-01 15:07:18.636 [main] TestLogger - Thread 1: Creating appium driver
[INFO ] 2024-06-01 15:07:24.435 [main] TestLogger - Thread 1: Application launched
[INFO ] 2024-06-01 15:07:24.440 [main] TestLogger - Thread 1: Creating appium driver
[INFO ] 2024-06-01 15:07:41.049 [main] TestLogger - Thread 1: Running After scenario
[INFO ] 2024-06-01 15:07:41.053 [main] TestLogger - Thread 1: Scenario Failed.. Capturing screenshot.
[INFO ] 2024-06-01 15:07:41.565 [main] TestLogger - Thread 1: Execution ends. Stopping appium service.
[INFO ] 2024-06-01 15:07:41.572 [main] TestLogger - Thread 1: Appium service stopped.
[INFO ] 2024-06-01 15:12:28.076 [main] TestLogger - Thread 1: Running Before All method
[INFO ] 2024-06-01 15:12:30.202 [main] TestLogger - Thread 1: Starting Appium service.
[INFO ] 2024-06-01 15:12:45.152 [main] TestLogger - Thread 1: Running Before All method
[INFO ] 2024-06-01 15:12:47.234 [main] TestLogger - Thread 1: Starting Appium service.
[INFO ] 2024-06-01 15:12:50.618 [main] TestLogger - Thread 1: Appium service started.
[INFO ] 2024-06-01 15:12:50.903 [main] TestLogger - Thread 1: Launching application
[INFO ] 2024-06-01 15:12:50.917 [main] TestLogger - Thread 1: Creating appium driver
[INFO ] 2024-06-01 15:13:00.051 [main] TestLogger - Thread 1: Application launched
[INFO ] 2024-06-01 15:13:00.072 [main] TestLogger - Thread 1: Creating appium driver
[INFO ] 2024-06-01 15:13:17.244 [main] TestLogger - Thread 1: Running After scenario
[INFO ] 2024-06-01 15:13:17.248 [main] TestLogger - Thread 1: Scenario Failed.. Capturing screenshot.
[INFO ] 2024-06-01 15:13:17.803 [main] TestLogger - Thread 1: Execution ends. Stopping appium service.
[INFO ] 2024-06-01 15:13:17.808 [main] TestLogger - Thread 1: Appium service stopped.
[INFO ] 2024-06-01 15:14:06.672 [main] TestLogger - Thread 1: Running Before All method
[INFO ] 2024-06-01 15:14:09.058 [main] TestLogger - Thread 1: Starting Appium service.
[INFO ] 2024-06-01 15:14:12.754 [main] TestLogger - Thread 1: Appium service started.
[INFO ] 2024-06-01 15:14:13.017 [main] TestLogger - Thread 1: Launching application
[INFO ] 2024-06-01 15:14:13.020 [main] TestLogger - Thread 1: Creating appium driver
[INFO ] 2024-06-01 15:14:18.861 [main] TestLogger - Thread 1: Application launched
[INFO ] 2024-06-01 15:14:18.874 [main] TestLogger - Thread 1: Creating appium driver
[INFO ] 2024-06-01 15:14:37.257 [main] TestLogger - Thread 1: Running After scenario
[INFO ] 2024-06-01 15:14:37.259 [main] TestLogger - Thread 1: Scenario Failed.. Capturing screenshot.
[INFO ] 2024-06-01 15:14:37.776 [main] TestLogger - Thread 1: Execution ends. Stopping appium service.
[INFO ] 2024-06-01 15:14:37.783 [main] TestLogger - Thread 1: Appium service stopped.
[INFO ] 2024-06-01 15:15:05.347 [main] TestLogger - Thread 1: Running Before All method
[INFO ] 2024-06-01 15:15:07.439 [main] TestLogger - Thread 1: Starting Appium service.
[INFO ] 2024-06-01 15:15:10.492 [main] TestLogger - Thread 1: Appium service started.
[INFO ] 2024-06-01 15:15:10.668 [main] TestLogger - Thread 1: Launching application
[INFO ] 2024-06-01 15:15:10.670 [main] TestLogger - Thread 1: Creating appium driver
[INFO ] 2024-06-01 15:15:15.544 [main] TestLogger - Thread 1: Application launched
[INFO ] 2024-06-01 15:15:15.569 [main] TestLogger - Thread 1: Creating appium driver
[INFO ] 2024-06-01 15:15:34.428 [main] TestLogger - Thread 1: Running After scenario
[INFO ] 2024-06-01 15:15:34.432 [main] TestLogger - Thread 1: Scenario Failed.. Capturing screenshot.
[INFO ] 2024-06-01 15:15:34.944 [main] TestLogger - Thread 1: Execution ends. Stopping appium service.
[INFO ] 2024-06-01 15:15:34.949 [main] TestLogger - Thread 1: Appium service stopped.
[INFO ] 2024-06-01 15:17:43.942 [main] TestLogger - Thread 1: Running Before All method
[INFO ] 2024-06-01 15:17:45.966 [main] TestLogger - Thread 1: Starting Appium service.
[INFO ] 2024-06-01 15:17:49.090 [main] TestLogger - Thread 1: Appium service started.
[INFO ] 2024-06-01 15:17:49.346 [main] TestLogger - Thread 1: Launching application
[INFO ] 2024-06-01 15:17:49.360 [main] TestLogger - Thread 1: Creating appium driver
[INFO ] 2024-06-01 15:17:55.194 [main] TestLogger - Thread 1: Application launched
[INFO ] 2024-06-01 15:17:55.200 [main] TestLogger - Thread 1: Creating appium driver
[INFO ] 2024-06-01 15:18:13.597 [main] TestLogger - Thread 1: Running After scenario
[INFO ] 2024-06-01 15:18:13.599 [main] TestLogger - Thread 1: Scenario Failed.. Capturing screenshot.
[INFO ] 2024-06-01 15:18:14.031 [main] TestLogger - Thread 1: Execution ends. Stopping appium service.
[INFO ] 2024-06-01 15:18:14.035 [main] TestLogger - Thread 1: Appium service stopped.
[INFO ] 2024-06-01 15:20:32.948 [main] TestLogger - Thread 1: Running Before All method
[INFO ] 2024-06-01 15:20:35.159 [main] TestLogger - Thread 1: Starting Appium service.
[INFO ] 2024-06-01 15:20:38.255 [main] TestLogger - Thread 1: Appium service started.
[INFO ] 2024-06-01 15:20:38.509 [main] TestLogger - Thread 1: Launching application
[INFO ] 2024-06-01 15:20:38.511 [main] TestLogger - Thread 1: Creating appium driver
[INFO ] 2024-06-01 15:20:44.618 [main] TestLogger - Thread 1: Application launched
[INFO ] 2024-06-01 15:20:44.631 [main] TestLogger - Thread 1: Creating appium driver
[INFO ] 2024-06-01 15:21:03.230 [main] TestLogger - Thread 1: Running After scenario
[INFO ] 2024-06-01 15:21:03.233 [main] TestLogger - Thread 1: Scenario Failed.. Capturing screenshot.
[INFO ] 2024-06-01 15:21:03.895 [main] TestLogger - Thread 1: Execution ends. Stopping appium service.
[INFO ] 2024-06-01 15:21:03.911 [main] TestLogger - Thread 1: Appium service stopped.
[INFO ] 2024-06-01 15:21:24.296 [main] TestLogger - Thread 1: Running Before All method
[INFO ] 2024-06-01 15:21:26.192 [main] TestLogger - Thread 1: Starting Appium service.
[INFO ] 2024-06-01 15:21:28.953 [main] TestLogger - Thread 1: Appium service started.
[INFO ] 2024-06-01 15:21:29.161 [main] TestLogger - Thread 1: Launching application
[INFO ] 2024-06-01 15:21:29.164 [main] TestLogger - Thread 1: Creating appium driver
[INFO ] 2024-06-01 15:21:34.071 [main] TestLogger - Thread 1: Application launched
[INFO ] 2024-06-01 15:21:34.098 [main] TestLogger - Thread 1: Creating appium driver
[INFO ] 2024-06-01 15:21:53.608 [main] TestLogger - Thread 1: Running After scenario
[INFO ] 2024-06-01 15:21:53.612 [main] TestLogger - Thread 1: Scenario Failed.. Capturing screenshot.
[INFO ] 2024-06-01 15:21:54.183 [main] TestLogger - Thread 1: Execution ends. Stopping appium service.
[INFO ] 2024-06-01 15:21:54.188 [main] TestLogger - Thread 1: Appium service stopped.
[INFO ] 2024-06-01 15:22:31.292 [main] TestLogger - Thread 1: Running Before All method
[INFO ] 2024-06-01 15:22:33.288 [main] TestLogger - Thread 1: Starting Appium service.
[INFO ] 2024-06-01 15:22:36.361 [main] TestLogger - Thread 1: Appium service started.
[INFO ] 2024-06-01 15:22:36.580 [main] TestLogger - Thread 1: Launching application
[INFO ] 2024-06-01 15:22:36.582 [main] TestLogger - Thread 1: Creating appium driver
[INFO ] 2024-06-01 15:22:41.509 [main] TestLogger - Thread 1: Application launched
[INFO ] 2024-06-01 15:22:41.521 [main] TestLogger - Thread 1: Creating appium driver
[INFO ] 2024-06-01 15:23:17.904 [main] TestLogger - Thread 1: Running After scenario
[INFO ] 2024-06-01 15:23:17.908 [main] TestLogger - Thread 1: Scenario Failed.. Capturing screenshot.
[INFO ] 2024-06-01 15:23:18.371 [main] TestLogger - Thread 1: Execution ends. Stopping appium service.
[INFO ] 2024-06-01 15:23:18.377 [main] TestLogger - Thread 1: Appium service stopped.
[INFO ] 2024-06-01 20:55:56.916 [main] TestLogger - Thread 1: Running Before All method
[INFO ] 2024-06-01 20:56:01.002 [main] TestLogger - Thread 1: Starting Appium service.
[INFO ] 2024-06-01 20:56:05.698 [main] TestLogger - Thread 1: Appium service started.
[INFO ] 2024-06-01 20:56:06.097 [main] TestLogger - Thread 1: Launching application
[INFO ] 2024-06-01 20:56:06.121 [main] TestLogger - Thread 1: Creating appium driver
[INFO ] 2024-06-01 20:56:19.621 [main] TestLogger - Thread 1: Application launched
[INFO ] 2024-06-01 20:56:19.646 [main] TestLogger - Thread 1: Creating appium driver
[INFO ] 2024-06-01 20:56:55.875 [main] TestLogger - Thread 1: Running After scenario
[INFO ] 2024-06-01 20:56:55.877 [main] TestLogger - Thread 1: Scenario Failed.. Capturing screenshot.
[INFO ] 2024-06-01 20:56:56.383 [main] TestLogger - Thread 1: Launching application
[INFO ] 2024-06-01 20:56:56.383 [main] TestLogger - Thread 1: Creating appium driver
[INFO ] 2024-06-01 20:57:00.611 [main] TestLogger - Thread 1: Application launched
[INFO ] 2024-06-01 20:57:00.614 [main] TestLogger - Thread 1: Creating appium driver
[INFO ] 2024-06-01 20:57:05.891 [main] TestLogger - Thread 1: Launching application
[INFO ] 2024-06-01 20:57:05.896 [main] TestLogger - Thread 1: Finding Text on home screen
[INFO ] 2024-06-01 20:57:12.422 [main] TestLogger - Thread 1: Running After scenario
[INFO ] 2024-06-01 20:57:12.629 [main] TestLogger - Thread 1: Launching application
[INFO ] 2024-06-01 20:57:12.629 [main] TestLogger - Thread 1: Creating appium driver
[INFO ] 2024-06-01 20:57:16.742 [main] TestLogger - Thread 1: Application launched
[INFO ] 2024-06-01 20:57:16.743 [main] TestLogger - Thread 1: Creating appium driver
[INFO ] 2024-06-01 20:57:23.695 [main] TestLogger - Thread 1: Clicking on OPTIONS
[INFO ] 2024-06-01 20:57:31.395 [main] TestLogger - Thread 1: Running After scenario
[INFO ] 2024-06-01 20:57:31.660 [main] TestLogger - Thread 1: Launching application
[INFO ] 2024-06-01 20:57:31.660 [main] TestLogger - Thread 1: Creating appium driver
[INFO ] 2024-06-01 20:57:37.854 [main] TestLogger - Thread 1: Application launched
[INFO ] 2024-06-01 20:57:37.857 [main] TestLogger - Thread 1: Creating appium driver
[INFO ] 2024-06-01 20:57:59.644 [main] TestLogger - Thread 1: Running After scenario
[INFO ] 2024-06-01 20:57:59.644 [main] TestLogger - Thread 1: Scenario Failed.. Capturing screenshot.
[INFO ] 2024-06-01 20:58:00.286 [main] TestLogger - Thread 1: Launching application
[INFO ] 2024-06-01 20:58:00.286 [main] TestLogger - Thread 1: Creating appium driver
[INFO ] 2024-06-01 20:58:06.410 [main] TestLogger - Thread 1: Application launched
[INFO ] 2024-06-01 20:58:06.416 [main] TestLogger - Thread 1: Running After scenario
[INFO ] 2024-06-01 20:58:06.684 [main] TestLogger - Thread 1: Execution ends. Stopping appium service.
[INFO ] 2024-06-01 20:58:06.693 [main] TestLogger - Thread 1: Appium service stopped.
[INFO ] 2024-06-01 21:37:54.727 [main] TestLogger - Thread 1: Running Before All method
[INFO ] 2024-06-01 21:37:56.721 [main] TestLogger - Thread 1: Starting Appium service.
[INFO ] 2024-06-01 21:38:10.515 [main] TestLogger - Thread 1: Running Before All method
[INFO ] 2024-06-01 21:38:12.394 [main] TestLogger - Thread 1: Starting Appium service.
[INFO ] 2024-06-01 21:38:16.819 [main] TestLogger - Thread 1: Appium service started.
[INFO ] 2024-06-01 21:38:17.045 [main] TestLogger - Thread 1: Launching application
[INFO ] 2024-06-01 21:38:17.049 [main] TestLogger - Thread 1: Creating appium driver
[INFO ] 2024-06-01 21:38:26.615 [main] TestLogger - Thread 1: Application launched
[INFO ] 2024-06-01 21:38:26.622 [main] TestLogger - Thread 1: Creating appium driver
[INFO ] 2024-06-01 21:38:42.516 [main] TestLogger - Thread 1: Running After scenario
[INFO ] 2024-06-01 21:38:42.518 [main] TestLogger - Thread 1: Scenario Failed.. Capturing screenshot.
[INFO ] 2024-06-01 21:38:43.117 [main] TestLogger - Thread 1: Execution ends. Stopping appium service.
[INFO ] 2024-06-01 21:38:43.125 [main] TestLogger - Thread 1: Appium service stopped.
[INFO ] 2024-06-01 21:40:53.602 [main] TestLogger - Thread 1: Running Before All method
[INFO ] 2024-06-01 21:40:55.546 [main] TestLogger - Thread 1: Starting Appium service.
[INFO ] 2024-06-01 21:40:58.630 [main] TestLogger - Thread 1: Appium service started.
[INFO ] 2024-06-01 21:40:58.897 [main] TestLogger - Thread 1: Launching application
[INFO ] 2024-06-01 21:40:58.909 [main] TestLogger - Thread 1: Creating appium driver
[INFO ] 2024-06-01 21:41:05.564 [main] TestLogger - Thread 1: Application launched
[INFO ] 2024-06-01 21:41:05.576 [main] TestLogger - Thread 1: Creating appium driver
[INFO ] 2024-06-01 21:41:19.991 [main] TestLogger - Thread 1: Running After scenario
[INFO ] 2024-06-01 21:41:20.163 [main] TestLogger - Thread 1: Execution ends. Stopping appium service.
[INFO ] 2024-06-01 21:41:20.176 [main] TestLogger - Thread 1: Appium service stopped.
[INFO ] 2024-06-01 21:41:39.960 [main] TestLogger - Thread 1: Running Before All method
[INFO ] 2024-06-01 21:41:41.867 [main] TestLogger - Thread 1: Starting Appium service.
[INFO ] 2024-06-01 21:41:44.964 [main] TestLogger - Thread 1: Appium service started.
[INFO ] 2024-06-01 21:41:45.204 [main] TestLogger - Thread 1: Launching application
[INFO ] 2024-06-01 21:41:45.209 [main] TestLogger - Thread 1: Creating appium driver
[INFO ] 2024-06-01 21:41:50.038 [main] TestLogger - Thread 1: Application launched
[INFO ] 2024-06-01 21:41:50.047 [main] TestLogger - Thread 1: Creating appium driver
[INFO ] 2024-06-01 21:42:04.530 [main] TestLogger - Thread 1: Running After scenario
[INFO ] 2024-06-01 21:42:04.710 [main] TestLogger - Thread 1: Execution ends. Stopping appium service.
[INFO ] 2024-06-01 21:42:04.716 [main] TestLogger - Thread 1: Appium service stopped.
[INFO ] 2024-06-01 22:16:49.994 [main] TestLogger - Thread 1: Running Before All method
[INFO ] 2024-06-01 22:16:51.956 [main] TestLogger - Thread 1: Starting Appium service.
[INFO ] 2024-06-01 22:16:55.074 [main] TestLogger - Thread 1: Appium service started.
[INFO ] 2024-06-01 22:16:55.318 [main] TestLogger - Thread 1: Launching application
[INFO ] 2024-06-01 22:16:55.341 [main] TestLogger - Thread 1: Creating appium driver
[INFO ] 2024-06-01 22:17:01.789 [main] TestLogger - Thread 1: Application launched
[INFO ] 2024-06-01 22:17:01.803 [main] TestLogger - Thread 1: Creating appium driver
[INFO ] 2024-06-01 22:17:26.250 [main] TestLogger - Thread 1: Running After scenario
[INFO ] 2024-06-01 22:17:26.251 [main] TestLogger - Thread 1: Scenario Failed.. Capturing screenshot.
[INFO ] 2024-06-01 22:18:36.114 [main] TestLogger - Thread 1: Running Before All method
[INFO ] 2024-06-01 22:18:38.276 [main] TestLogger - Thread 1: Starting Appium service.
[INFO ] 2024-06-01 22:18:41.681 [main] TestLogger - Thread 1: Appium service started.
[INFO ] 2024-06-01 22:18:41.929 [main] TestLogger - Thread 1: Launching application
[INFO ] 2024-06-01 22:18:41.933 [main] TestLogger - Thread 1: Creating appium driver
[INFO ] 2024-06-01 22:18:48.912 [main] TestLogger - Thread 1: Application launched
[INFO ] 2024-06-01 22:18:48.926 [main] TestLogger - Thread 1: Creating appium driver
[INFO ] 2024-06-01 22:19:03.823 [main] TestLogger - Thread 1: Running After scenario
[INFO ] 2024-06-01 22:19:03.824 [main] TestLogger - Thread 1: Scenario Failed.. Capturing screenshot.
[INFO ] 2024-06-01 22:19:04.333 [main] TestLogger - Thread 1: Execution ends. Stopping appium service.
[INFO ] 2024-06-01 22:19:04.338 [main] TestLogger - Thread 1: Appium service stopped.
[INFO ] 2024-06-01 22:25:53.245 [main] TestLogger - Thread 1: Running Before All method
[INFO ] 2024-06-01 22:25:55.256 [main] TestLogger - Thread 1: Starting Appium service.
[INFO ] 2024-06-01 22:25:58.407 [main] TestLogger - Thread 1: Appium service started.
[INFO ] 2024-06-01 22:25:58.614 [main] TestLogger - Thread 1: Launching application
[INFO ] 2024-06-01 22:25:58.617 [main] TestLogger - Thread 1: Creating appium driver
[INFO ] 2024-06-01 22:26:08.367 [main] TestLogger - Thread 1: Application launched
[INFO ] 2024-06-01 22:26:08.378 [main] TestLogger - Thread 1: Creating appium driver
[INFO ] 2024-06-01 22:26:23.901 [main] TestLogger - Thread 1: Running After scenario
[INFO ] 2024-06-01 22:26:23.903 [main] TestLogger - Thread 1: Scenario Failed.. Capturing screenshot.
[INFO ] 2024-06-01 22:26:24.352 [main] TestLogger - Thread 1: Execution ends. Stopping appium service.
[INFO ] 2024-06-01 22:26:24.361 [main] TestLogger - Thread 1: Appium service stopped.
[INFO ] 2024-06-01 22:40:59.211 [main] TestLogger - Thread 1: Running Before All method
[INFO ] 2024-06-01 22:41:01.125 [main] TestLogger - Thread 1: Starting Appium service.
[INFO ] 2024-06-01 22:41:03.945 [main] TestLogger - Thread 1: Appium service started.
[INFO ] 2024-06-01 22:41:04.187 [main] TestLogger - Thread 1: Launching application
[INFO ] 2024-06-01 22:41:04.201 [main] TestLogger - Thread 1: Creating appium driver
[INFO ] 2024-06-01 22:41:10.411 [main] TestLogger - Thread 1: Application launched
[INFO ] 2024-06-01 22:41:10.421 [main] TestLogger - Thread 1: Creating appium driver
[INFO ] 2024-06-01 22:41:25.733 [main] TestLogger - Thread 1: Running After scenario
[INFO ] 2024-06-01 22:41:25.734 [main] TestLogger - Thread 1: Scenario Failed.. Capturing screenshot.
[INFO ] 2024-06-01 22:41:26.198 [main] TestLogger - Thread 1: Execution ends. Stopping appium service.
[INFO ] 2024-06-01 22:41:26.203 [main] TestLogger - Thread 1: Appium service stopped.
[INFO ] 2024-06-01 22:53:08.566 [main] TestLogger - Thread 1: Running Before All method
[INFO ] 2024-06-01 22:53:10.524 [main] TestLogger - Thread 1: Starting Appium service.
[INFO ] 2024-06-01 22:53:13.334 [main] TestLogger - Thread 1: Appium service started.
[INFO ] 2024-06-01 22:53:13.516 [main] TestLogger - Thread 1: Launching application
[INFO ] 2024-06-01 22:53:13.529 [main] TestLogger - Thread 1: Creating appium driver
[INFO ] 2024-06-01 22:53:19.658 [main] TestLogger - Thread 1: Application launched
[INFO ] 2024-06-01 22:53:19.669 [main] TestLogger - Thread 1: Creating appium driver
[INFO ] 2024-06-01 22:53:34.026 [main] TestLogger - Thread 1: Running After scenario
[INFO ] 2024-06-01 22:53:34.029 [main] TestLogger - Thread 1: Scenario Failed.. Capturing screenshot.
[INFO ] 2024-06-01 22:53:34.602 [main] TestLogger - Thread 1: Execution ends. Stopping appium service.
[INFO ] 2024-06-01 22:53:34.620 [main] TestLogger - Thread 1: Appium service stopped.
[INFO ] 2024-06-01 22:53:52.609 [main] TestLogger - Thread 1: Running Before All method
[INFO ] 2024-06-01 22:53:54.581 [main] TestLogger - Thread 1: Starting Appium service.
[INFO ] 2024-06-01 22:54:16.795 [main] TestLogger - Thread 1: Running Before All method
[INFO ] 2024-06-01 22:54:18.931 [main] TestLogger - Thread 1: Starting Appium service.
[INFO ] 2024-06-01 22:54:41.756 [main] TestLogger - Thread 1: Running Before All method
[INFO ] 2024-06-01 22:54:43.822 [main] TestLogger - Thread 1: Starting Appium service.
[INFO ] 2024-06-01 22:54:46.623 [main] TestLogger - Thread 1: Appium service started.
[INFO ] 2024-06-01 22:54:46.841 [main] TestLogger - Thread 1: Launching application
[INFO ] 2024-06-01 22:54:46.843 [main] TestLogger - Thread 1: Creating appium driver
[INFO ] 2024-06-01 22:54:52.688 [main] TestLogger - Thread 1: Application launched
[INFO ] 2024-06-01 22:54:52.705 [main] TestLogger - Thread 1: Creating appium driver
[INFO ] 2024-06-01 22:55:08.642 [main] TestLogger - Thread 1: Running After scenario
[INFO ] 2024-06-01 22:55:08.643 [main] TestLogger - Thread 1: Scenario Failed.. Capturing screenshot.
[INFO ] 2024-06-01 22:55:09.091 [main] TestLogger - Thread 1: Execution ends. Stopping appium service.
[INFO ] 2024-06-01 22:55:09.101 [main] TestLogger - Thread 1: Appium service stopped.
[INFO ] 2024-06-01 23:23:12.539 [main] TestLogger - Thread 1: Running Before All method
[INFO ] 2024-06-01 23:23:14.375 [main] TestLogger - Thread 1: Starting Appium service.
[INFO ] 2024-06-01 23:23:17.198 [main] TestLogger - Thread 1: Appium service started.
[INFO ] 2024-06-01 23:23:17.409 [main] TestLogger - Thread 1: Launching application
[INFO ] 2024-06-01 23:23:17.417 [main] TestLogger - Thread 1: Creating appium driver
[INFO ] 2024-06-01 23:23:26.044 [main] TestLogger - Thread 1: Application launched
[INFO ] 2024-06-01 23:23:26.056 [main] TestLogger - Thread 1: Creating appium driver
[INFO ] 2024-06-01 23:23:40.365 [main] TestLogger - Thread 1: Running After scenario
[INFO ] 2024-06-01 23:23:40.366 [main] TestLogger - Thread 1: Scenario Failed.. Capturing screenshot.
[INFO ] 2024-06-01 23:23:40.874 [main] TestLogger - Thread 1: Execution ends. Stopping appium service.
[INFO ] 2024-06-01 23:23:40.887 [main] TestLogger - Thread 1: Appium service stopped.
[INFO ] 2024-06-01 23:27:34.027 [main] TestLogger - Thread 1: Running Before All method
[INFO ] 2024-06-01 23:27:36.010 [main] TestLogger - Thread 1: Starting Appium service.
[INFO ] 2024-06-01 23:27:38.816 [main] TestLogger - Thread 1: Appium service started.
[INFO ] 2024-06-01 23:27:38.995 [main] TestLogger - Thread 1: Launching application
[INFO ] 2024-06-01 23:27:38.997 [main] TestLogger - Thread 1: Creating appium driver
[INFO ] 2024-06-01 23:27:44.716 [main] TestLogger - Thread 1: Application launched
[INFO ] 2024-06-01 23:27:44.726 [main] TestLogger - Thread 1: Creating appium driver
[INFO ] 2024-06-01 23:28:43.890 [main] TestLogger - Thread 1: Running After scenario
[INFO ] 2024-06-01 23:28:43.892 [main] TestLogger - Thread 1: Scenario Failed.. Capturing screenshot.
[INFO ] 2024-06-01 23:28:44.299 [main] TestLogger - Thread 1: Execution ends. Stopping appium service.
[INFO ] 2024-06-01 23:28:44.305 [main] TestLogger - Thread 1: Appium service stopped.
[INFO ] 2024-06-01 23:29:15.760 [main] TestLogger - Thread 1: Running Before All method
[INFO ] 2024-06-01 23:29:17.620 [main] TestLogger - Thread 1: Starting Appium service.
[INFO ] 2024-06-01 23:29:20.460 [main] TestLogger - Thread 1: Appium service started.
[INFO ] 2024-06-01 23:29:20.676 [main] TestLogger - Thread 1: Launching application
[INFO ] 2024-06-01 23:29:20.678 [main] TestLogger - Thread 1: Creating appium driver
[INFO ] 2024-06-01 23:29:25.320 [main] TestLogger - Thread 1: Application launched
[INFO ] 2024-06-01 23:29:25.332 [main] TestLogger - Thread 1: Creating appium driver
[INFO ] 2024-06-01 23:30:24.399 [main] TestLogger - Thread 1: Running After scenario
[INFO ] 2024-06-01 23:30:24.401 [main] TestLogger - Thread 1: Scenario Failed.. Capturing screenshot.
[INFO ] 2024-06-01 23:30:24.814 [main] TestLogger - Thread 1: Execution ends. Stopping appium service.
[INFO ] 2024-06-01 23:30:24.820 [main] TestLogger - Thread 1: Appium service stopped.
[INFO ] 2024-06-01 23:30:38.617 [main] TestLogger - Thread 1: Running Before All method
[INFO ] 2024-06-01 23:30:40.503 [main] TestLogger - Thread 1: Starting Appium service.
[INFO ] 2024-06-01 23:30:43.374 [main] TestLogger - Thread 1: Appium service started.
[INFO ] 2024-06-01 23:30:43.617 [main] TestLogger - Thread 1: Launching application
[INFO ] 2024-06-01 23:30:43.626 [main] TestLogger - Thread 1: Creating appium driver
[INFO ] 2024-06-01 23:30:48.875 [main] TestLogger - Thread 1: Application launched
[INFO ] 2024-06-01 23:30:48.887 [main] TestLogger - Thread 1: Creating appium driver
[INFO ] 2024-06-01 23:31:48.117 [main] TestLogger - Thread 1: Running After scenario
[INFO ] 2024-06-01 23:31:48.120 [main] TestLogger - Thread 1: Scenario Failed.. Capturing screenshot.
[INFO ] 2024-06-01 23:31:48.592 [main] TestLogger - Thread 1: Execution ends. Stopping appium service.
[INFO ] 2024-06-01 23:31:48.601 [main] TestLogger - Thread 1: Appium service stopped.
[INFO ] 2024-06-01 23:33:05.482 [main] TestLogger - Thread 1: Running Before All method
[INFO ] 2024-06-01 23:33:07.494 [main] TestLogger - Thread 1: Starting Appium service.
[INFO ] 2024-06-01 23:33:10.588 [main] TestLogger - Thread 1: Appium service started.
[INFO ] 2024-06-01 23:33:10.788 [main] TestLogger - Thread 1: Launching application
[INFO ] 2024-06-01 23:33:10.790 [main] TestLogger - Thread 1: Creating appium driver
[INFO ] 2024-06-01 23:33:15.597 [main] TestLogger - Thread 1: Application launched
[INFO ] 2024-06-01 23:33:15.609 [main] TestLogger - Thread 1: Creating appium driver
[INFO ] 2024-06-01 23:34:11.608 [main] TestLogger - Thread 1: Running After scenario
[INFO ] 2024-06-01 23:34:11.612 [main] TestLogger - Thread 1: Scenario Failed.. Capturing screenshot.
[INFO ] 2024-06-01 23:34:12.135 [main] TestLogger - Thread 1: Execution ends. Stopping appium service.
[INFO ] 2024-06-01 23:34:12.147 [main] TestLogger - Thread 1: Appium service stopped.
[INFO ] 2024-06-01 23:35:09.582 [main] TestLogger - Thread 1: Running Before All method
[INFO ] 2024-06-01 23:35:11.397 [main] TestLogger - Thread 1: Starting Appium service.
[INFO ] 2024-06-01 23:35:14.518 [main] TestLogger - Thread 1: Appium service started.
[INFO ] 2024-06-01 23:35:14.766 [main] TestLogger - Thread 1: Launching application
[INFO ] 2024-06-01 23:35:14.770 [main] TestLogger - Thread 1: Creating appium driver
[INFO ] 2024-06-01 23:35:20.462 [main] TestLogger - Thread 1: Application launched
[INFO ] 2024-06-01 23:35:20.475 [main] TestLogger - Thread 1: Creating appium driver
[INFO ] 2024-06-01 23:36:19.569 [main] TestLogger - Thread 1: Running After scenario
[INFO ] 2024-06-01 23:36:19.571 [main] TestLogger - Thread 1: Scenario Failed.. Capturing screenshot.
[INFO ] 2024-06-01 23:36:19.976 [main] TestLogger - Thread 1: Execution ends. Stopping appium service.
[INFO ] 2024-06-01 23:36:19.983 [main] TestLogger - Thread 1: Appium service stopped.
[INFO ] 2024-06-01 23:41:34.178 [main] TestLogger - Thread 1: Running Before All method
[INFO ] 2024-06-01 23:41:35.961 [main] TestLogger - Thread 1: Starting Appium service.
[INFO ] 2024-06-01 23:41:38.795 [main] TestLogger - Thread 1: Appium service started.
[INFO ] 2024-06-01 23:41:38.968 [main] TestLogger - Thread 1: Launching application
[INFO ] 2024-06-01 23:41:38.971 [main] TestLogger - Thread 1: Creating appium driver
[INFO ] 2024-06-01 23:41:44.563 [main] TestLogger - Thread 1: Application launched
[INFO ] 2024-06-01 23:41:44.576 [main] TestLogger - Thread 1: Creating appium driver
[INFO ] 2024-06-01 23:41:58.819 [main] TestLogger - Thread 1: Running After scenario
[INFO ] 2024-06-01 23:41:58.821 [main] TestLogger - Thread 1: Scenario Failed.. Capturing screenshot.
[INFO ] 2024-06-01 23:41:59.278 [main] TestLogger - Thread 1: Execution ends. Stopping appium service.
[INFO ] 2024-06-01 23:41:59.286 [main] TestLogger - Thread 1: Appium service stopped.
[INFO ] 2024-06-01 23:43:17.320 [main] TestLogger - Thread 1: Running Before All method
[INFO ] 2024-06-01 23:43:19.192 [main] TestLogger - Thread 1: Starting Appium service.
[INFO ] 2024-06-01 23:43:22.006 [main] TestLogger - Thread 1: Appium service started.
[INFO ] 2024-06-01 23:43:22.214 [main] TestLogger - Thread 1: Launching application
[INFO ] 2024-06-01 23:43:22.217 [main] TestLogger - Thread 1: Creating appium driver
[INFO ] 2024-06-01 23:43:27.835 [main] TestLogger - Thread 1: Application launched
[INFO ] 2024-06-01 23:43:27.844 [main] TestLogger - Thread 1: Creating appium driver
[INFO ] 2024-06-01 23:44:00.302 [main] TestLogger - Thread 1: Running After scenario
[INFO ] 2024-06-01 23:44:00.303 [main] TestLogger - Thread 1: Scenario Failed.. Capturing screenshot.
[INFO ] 2024-06-01 23:44:00.692 [main] TestLogger - Thread 1: Execution ends. Stopping appium service.
[INFO ] 2024-06-01 23:44:00.703 [main] TestLogger - Thread 1: Appium service stopped.
[INFO ] 2024-06-01 23:47:55.520 [main] TestLogger - Thread 1: Running Before All method
[INFO ] 2024-06-01 23:47:57.380 [main] TestLogger - Thread 1: Starting Appium service.
[INFO ] 2024-06-01 23:48:00.214 [main] TestLogger - Thread 1: Appium service started.
[INFO ] 2024-06-01 23:48:00.421 [main] TestLogger - Thread 1: Launching application
[INFO ] 2024-06-01 23:48:00.435 [main] TestLogger - Thread 1: Creating appium driver
[INFO ] 2024-06-01 23:48:09.114 [main] TestLogger - Thread 1: Application launched
[INFO ] 2024-06-01 23:48:09.125 [main] TestLogger - Thread 1: Creating appium driver
[INFO ] 2024-06-01 23:48:41.937 [main] TestLogger - Thread 1: Running After scenario
[INFO ] 2024-06-01 23:48:41.938 [main] TestLogger - Thread 1: Scenario Failed.. Capturing screenshot.
[INFO ] 2024-06-01 23:48:42.340 [main] TestLogger - Thread 1: Execution ends. Stopping appium service.
[INFO ] 2024-06-01 23:48:42.350 [main] TestLogger - Thread 1: Appium service stopped.
[INFO ] 2024-06-01 23:51:11.394 [main] TestLogger - Thread 1: Running Before All method
[INFO ] 2024-06-01 23:51:13.215 [main] TestLogger - Thread 1: Starting Appium service.
[INFO ] 2024-06-01 23:51:15.970 [main] TestLogger - Thread 1: Appium service started.
[INFO ] 2024-06-01 23:51:16.147 [main] TestLogger - Thread 1: Launching application
[INFO ] 2024-06-01 23:51:16.150 [main] TestLogger - Thread 1: Creating appium driver
[INFO ] 2024-06-01 23:51:21.703 [main] TestLogger - Thread 1: Application launched
[INFO ] 2024-06-01 23:51:21.710 [main] TestLogger - Thread 1: Creating appium driver
[INFO ] 2024-06-01 23:52:21.059 [main] TestLogger - Thread 1: Running After scenario
[INFO ] 2024-06-01 23:52:21.061 [main] TestLogger - Thread 1: Scenario Failed.. Capturing screenshot.
[INFO ] 2024-06-01 23:52:21.497 [main] TestLogger - Thread 1: Execution ends. Stopping appium service.
[INFO ] 2024-06-01 23:52:21.505 [main] TestLogger - Thread 1: Appium service stopped.
[INFO ] 2024-06-01 23:52:52.430 [main] TestLogger - Thread 1: Running Before All method
[INFO ] 2024-06-01 23:52:54.248 [main] TestLogger - Thread 1: Starting Appium service.
[INFO ] 2024-06-01 23:52:57.076 [main] TestLogger - Thread 1: Appium service started.
[INFO ] 2024-06-01 23:52:57.244 [main] TestLogger - Thread 1: Launching application
[INFO ] 2024-06-01 23:52:57.246 [main] TestLogger - Thread 1: Creating appium driver
[INFO ] 2024-06-01 23:53:01.780 [main] TestLogger - Thread 1: Application launched
[INFO ] 2024-06-01 23:53:01.792 [main] TestLogger - Thread 1: Creating appium driver
[INFO ] 2024-06-01 23:53:50.880 [main] TestLogger - Thread 1: Running After scenario
[INFO ] 2024-06-01 23:53:51.049 [main] TestLogger - Thread 1: Execution ends. Stopping appium service.
[INFO ] 2024-06-01 23:53:51.055 [main] TestLogger - Thread 1: Appium service stopped.
